make all --print-data-base --no-builtin-variables --no-builtin-rules --question
make: *** No rule to make target 'all'.  Stop.

# GNU Make 4.2.1
# Built for x86_64-pc-linux-gnu
# Copyright (C) 1988-2016 Free Software Foundation, Inc.
# License GPLv3+: GNU GPL version 3 or later <http://gnu.org/licenses/gpl.html>
# This is free software: you are free to change and redistribute it.
# There is NO WARRANTY, to the extent permitted by law.

# Make data base, printed on Sat Jul  9 02:46:12 2022

# Variables

# automatic
<D = $(patsubst %/,%,$(dir $<))
# environment
GEOSERVER_HOME = /usr/share/geoserver
# environment
PASSWORD_LASERV = mW4J6FZ8Ry3eWHk8
# environment
DESKTOP_SESSION = cinnamon
# default
.SHELLFLAGS := -c
# automatic
?F = $(notdir $?)
# environment
XDG_SESSION_CLASS = user
# environment
SNAP_COMMON = /var/snap/code/common
# environment
XDG_SESSION_TYPE = x11
# environment
NVM_INC = /home/tharles/.nvm/versions/node/v14.17.3/include/node
# automatic
?D = $(patsubst %/,%,$(dir $?))
# environment
GTK3_MODULES = xapp-gtk3-module
# automatic
@D = $(patsubst %/,%,$(dir $@))
# environment
XAUTHORITY = /home/tharles/.Xauthority
# environment
GDMSESSION = cinnamon
# default
MAKE_VERSION := 4.2.1
# makefile
CURDIR := /home/tharles/projects_ana_inpe/upload
# makefile
SHELL = /bin/sh
# environment
SNAP_DATA = /var/snap/code/100
# environment
GDM_LANG = pt_BR
# environment
VSCODE_NLS_CONFIG = {"locale":"pt-br","availableLanguages":{"*":"pt-br"},"_languagePackId":"586ada59ea240d9b175b3ea817e73e56.pt-br","_translationsConfigFile":"/home/tharles/.config/Code/clp/586ada59ea240d9b175b3ea817e73e56.pt-br/tcf.json","_cacheRoot":"/home/tharles/.config/Code/clp/586ada59ea240d9b175b3ea817e73e56.pt-br","_resolvedLanguagePackCoreLocation":"/home/tharles/.config/Code/clp/586ada59ea240d9b175b3ea817e73e56.pt-br/92d25e35d9bf1a6b16f7d0758f25d48ace11e5b9","_corruptedFile":"/home/tharles/.config/Code/clp/586ada59ea240d9b175b3ea817e73e56.pt-br/corrupted.info","_languagePackSupport":true}
# environment
_ = /snap/code/100/usr/share/code/code
# environment
XDG_CONFIG_DIRS = /etc/xdg/xdg-cinnamon:/etc/xdg
# environment
PASSWD = Tha@224365
# environment
SNAP_INSTANCE_NAME = code
# environment
SNAP_ARCH = amd64
# environment
GTK_OVERLAY_SCROLLING = 1
# makefile
MAKEFILE_LIST := 
# automatic
@F = $(notdir $@)
# environment
GIO_LAUNCHED_DESKTOP_FILE = /var/lib/snapd/desktop/applications/code_code.desktop
# 'override' directive
GNUMAKEFLAGS := 
# environment
MANDATORY_PATH = /usr/share/gconf/cinnamon.mandatory.path
# environment
XDG_DATA_DIRS = /usr/share/cinnamon:/usr/share/gnome:/home/tharles/.local/share/flatpak/exports/share:/var/lib/flatpak/exports/share:/usr/local/share:/usr/share:/var/lib/snapd/desktop
# environment
DATABASE_URL = postgresql://tharles:224365@localhost/mvt
# environment
PL_API_KEY = d6f957677fbf40579a90fb3a9c74be1a
# environment
GIO_LAUNCHED_DESKTOP_FILE_PID = 145101
# environment
LESSOPEN = | /usr/bin/lesspipe %s
# environment
VSCODE_CWD = /home/tharles
# environment
XDG_SESSION_PATH = /org/freedesktop/DisplayManager/Session0
# environment
GSETTINGS_SCHEMA_DIR = /snap/code/100/usr/share/glib-2.0/schemas
# default
MAKE_HOST := x86_64-pc-linux-gnu
# environment
PATH = /home/tharles/.poetry/bin:/home/tharles/.local/bin:/home/tharles/.pyenv/plugins/pyenv-virtualenv/shims:/home/tharles/.pyenv/shims:~/.pyenv/bin:/home/tharles/miniconda3/bin:/home/tharles/.composer/vendor/bin:/home/tharles/.nvm/versions/node/v14.17.3/bin:/home/tharles/.poetry/bin:/home/tharles/.cargo/bin:/home/tharles/.local/bin:/usr/local/sbin:/usr/local/bin:/usr/sbin:/usr/bin:/sbin:/bin:/usr/games:/usr/local/games:/snap/bin:/home/tharles/.local/share/JetBrains/Toolbox/scripts:/home/tharles/.pyenv/versions/3.10.1:/home/tharles/.geckodriver/geckodriver:/home/tharles/.local/share/JetBrains/Toolbox/scripts
# environment
GPG_AGENT_INFO = /run/user/1000/gnupg/S.gpg-agent:0:1
# environment
PYTHON_BUILD_ARIA2_OPTS = -x 10 -k 1M
# environment
SESSION_MANAGER = local/workstation:@/tmp/.ICE-unix/2969,unix/workstation:/tmp/.ICE-unix/2969
# environment
XDG_RUNTIME_DIR = /run/user/1000
# environment
GDK_PIXBUF_MODULE_FILE = /home/tharles/snap/code/common/.cache/gdk-pixbuf-loaders.cache
# environment
SNAP = /snap/code/100
# environment
NVM_BIN = /home/tharles/.nvm/versions/node/v14.17.3/bin
# environment
SNAP_VERSION = 92d25e35
# environment
DISABLE_WAYLAND = 1
# environment
ELECTRON_RUN_AS_NODE = 1
# environment
GDK_PIXBUF_MODULEDIR = /snap/code/100/usr/lib/x86_64-linux-gnu/gdk-pixbuf-2.0/2.10.0/loaders
# default
.FEATURES := target-specific order-only second-expansion else-if shortest-stem undefine oneshell archives jobserver output-sync check-symlink load
# environment
XDG_GREETER_DATA_DIR = /var/lib/lightdm-data/tharles
# environment
LS_COLORS = 
# environment
XDG_SESSION_DESKTOP = cinnamon
# environment
SSH_AUTH_SOCK = /run/user/1000/keyring/ssh
# environment
NODE_OPTIONS = --max-old-space-size=16384
# automatic
%F = $(notdir $%)
# environment
DISPLAY = :0
# environment
IP_LASERV_HOMOLOG = 200.137.215.71
# environment
SUNFLOWER = index treat steel begin flame pioneer patch vanish check demand loud tomato
# environment
SNAP_INSTANCE_KEY = 
# environment
IP_LASERV_PROD = 200.137.215.70
# environment
PWD = /home/tharles/projects_ana_inpe/upload
# environment
QT_QPA_PLATFORMTHEME = qt5ct
# default
.LOADED := 
# environment
XDG_SEAT = seat0
# environment
SSH_AGENT_PID = 3040
# environment
ORIGINAL_XDG_CURRENT_DESKTOP = X-Cinnamon
# environment
GTK_MODULES = gail:atk-bridge
# environment
PYTHON = /home/tharles/.pyenv/versions/3.10.1
# environment
VSCODE_AMD_ENTRYPOINT = vs/workbench/api/node/extensionHostProcess
# environment
PYENV_SHELL = bash
# environment
HOME = /home/tharles
# environment
LESSCLOSE = /usr/bin/lesspipe %s %s
# environment
VSCODE_CLI = 1
# environment
VSCODE_CODE_CACHE_PATH = /home/tharles/.config/Code/CachedData/92d25e35d9bf1a6b16f7d0758f25d48ace11e5b9
# environment
LOGNAME = tharles
# environment
APPLICATION_INSIGHTS_NO_DIAGNOSTIC_CHANNEL = 1
# environment
SNAP_LIBRARY_PATH = /var/lib/snapd/lib/gl:/var/lib/snapd/lib/gl32:/var/lib/snapd/void
# environment
SNAP_CONTEXT = FxUHarvjdFMr0eF6cXYf3vOL41ovZ8q1P78Yzh3u88k0if7zxNXS
# environment
NVM_CD_FLAGS = 
# environment
ELECTRON_NO_ATTACH_CONSOLE = 1
# environment
SNAP_USER_COMMON = /home/tharles/snap/code/common
# environment
VSCODE_HANDLES_UNCAUGHT_ERRORS = true
# environment
GNOME_DESKTOP_SESSION_ID = this-is-deprecated
# automatic
^D = $(patsubst %/,%,$(dir $^))
# environment
XDG_VTNR = 7
# environment
MAKELEVEL := 0
# environment
SNAP_REAL_HOME = /home/tharles
# default
MAKE = $(MAKE_COMMAND)
# default
MAKECMDGOALS := all
# environment
SNAP_USER_DATA = /home/tharles/snap/code/100
# environment
SHLVL = 0
# environment
XDG_SESSION_ID = c2
# environment
USER = tharles
# environment
SNAP_REVISION = 100
# makefile
.DEFAULT_GOAL := 
# environment
XDG_CURRENT_DESKTOP = X-Cinnamon
# automatic
%D = $(patsubst %/,%,$(dir $%))
# default
MAKE_COMMAND := make
# default
.VARIABLES := 
# automatic
*F = $(notdir $*)
# environment
LANGUAGE = pt_BR:pt:en
# environment
XDG_SEAT_PATH = /org/freedesktop/DisplayManager/Seat0
# environment
VSCODE_IPC_HOOK = /run/user/1000/vscode-88638a2b-1.69.0-main.sock
# environment
BAMF_DESKTOP_FILE_HINT = /var/lib/snapd/desktop/applications/code_code.desktop
# makefile
MAKEFLAGS = pqrR
# environment
MFLAGS = -pqrR
# automatic
*D = $(patsubst %/,%,$(dir $*))
# environment
NVM_DIR = /home/tharles/.nvm
# automatic
+D = $(patsubst %/,%,$(dir $+))
# environment
BDC_TOKEN = M1d7MYG6wSYpdpVI1aRRF42TzuqZqK7ZPngzn3HZD2
# environment
GDK_BACKEND = x11
# automatic
+F = $(notdir $+)
# environment
CINNAMON_VERSION = 4.8.6
# environment
QT_ACCESSIBILITY = 1
# environment
DEFAULTS_PATH = /usr/share/gconf/cinnamon.default.path
# default
MAKEFILES := 
# environment
SNAP_COOKIE = FxUHarvjdFMr0eF6cXYf3vOL41ovZ8q1P78Yzh3u88k0if7zxNXS
# environment
IP_VM_DPAT = 200.137.215.69
# automatic
<F = $(notdir $<)
# environment
SNAP_NAME = code
# environment
LC_ALL = C
# environment
DBUS_SESSION_BUS_ADDRESS = unix:path=/run/user/1000/bus
# environment
GJS_DEBUG_TOPICS = JS ERROR;JS LOG
# automatic
^F = $(notdir $^)
# default
SUFFIXES := 
# environment
SNAP_REEXEC = 
# environment
CHROME_DESKTOP = code-url-handler.desktop
# environment
PYENV_VIRTUALENV_INIT = 1
# default
.INCLUDE_DIRS = /usr/include /usr/local/include /usr/include
# environment
GJS_DEBUG_OUTPUT = stderr
# default
.RECIPEPREFIX := 
# environment
LANG = C
# environment
 
VSCODE_PID = 145147
# variable set hash-table stats:
# Load=138/1024=13%, Rehash=0, Collisions=19/160=12%

# Pattern-specific Variable Values

# No pattern-specific variable values.

# Directories

# . (device 66308, inode 5247038): 8 files, no impossibilities.

# 8 files, no impossibilities in 1 directories.

# Implicit Rules

# No implicit rules.

# Files

# Not a target:
all:
#  Command line target.
#  Implicit rule search has been done.
#  File does not exist.
#  File has not been updated.

# Not a target:
Makefile:
#  Implicit rule search has been done.
#  File does not exist.
#  File has been updated.
#  Failed to be updated.

# Not a target:
makefile:
#  Implicit rule search has been done.
#  File does not exist.
#  File has been updated.
#  Failed to be updated.

# Not a target:
.DEFAULT:
#  Implicit rule search has not been done.
#  Modification time never checked.
#  File has not been updated.

# Not a target:
GNUmakefile:
#  Implicit rule search has been done.
#  File does not exist.
#  File has been updated.
#  Failed to be updated.

# files hash-table stats:
# Load=6/1024=1%, Rehash=0, Collisions=0/15=0%
# VPATH Search Paths

# No 'vpath' search paths.

# No general ('VPATH' variable) search path.

# strcache buffers: 1 (0) / strings = 16 / storage = 137 B / avg = 8 B
# current buf: size = 8162 B / used = 137 B / count = 16 / avg = 8 B

# strcache performance: lookups = 19 / hit rate = 15%
# hash-table stats:
# Load=16/8192=0%, Rehash=0, Collisions=1/19=5%
# Finished Make data base on Sat Jul  9 02:46:12 2022

 
